[22-Oct-2011 18:26:37] PHP Notice:  Undefined variable: operator in /home/kl1nt/Dropbox/latest blog resources/www/app_v2/controller/MathController.php on line 9
[22-Oct-2011 18:26:38] PHP Parse error:  syntax error, unexpected T_LNUMBER in /home/kl1nt/Dropbox/latest blog resources/www/app_v2/controller/MathController.php(15) : eval()'d code on line 1
[22-Oct-2011 18:26:51] PHP Parse error:  syntax error, unexpected $end in /home/kl1nt/Dropbox/latest blog resources/www/app_v2/controller/MathController.php(15) : eval()'d code on line 1
[22-Oct-2011 18:26:54] PHP Parse error:  syntax error, unexpected $end in /home/kl1nt/Dropbox/latest blog resources/www/app_v2/controller/MathController.php(15) : eval()'d code on line 1
[22-Oct-2011 18:29:51] PHP Notice:  Undefined offset: 5 in /home/kl1nt/Dropbox/latest blog resources/www/app_v2/controller/MathController.php on line 9
[22-Oct-2011 18:29:51] PHP Parse error:  syntax error, unexpected T_LNUMBER in /home/kl1nt/Dropbox/latest blog resources/www/app_v2/controller/MathController.php(15) : eval()'d code on line 1
[22-Oct-2011 18:30:16] PHP Notice:  Undefined offset: 4 in /home/kl1nt/Dropbox/latest blog resources/www/app_v2/controller/MathController.php on line 9
[22-Oct-2011 18:30:16] PHP Parse error:  syntax error, unexpected T_LNUMBER in /home/kl1nt/Dropbox/latest blog resources/www/app_v2/controller/MathController.php(15) : eval()'d code on line 1
[22-Oct-2011 19:07:28] PHP Parse error:  syntax error, unexpected ';' in /home/kl1nt/Dropbox/latest blog resources/www/app_v2/controller/MathController.php on line 37
[22-Oct-2011 19:08:08] PHP Notice:  Undefined variable: answerStr in /home/kl1nt/Dropbox/latest blog resources/www/app_v2/controller/MathController.php on line 34
[22-Oct-2011 19:08:08] PHP Notice:  Undefined variable: answerStr in /home/kl1nt/Dropbox/latest blog resources/www/app_v2/controller/MathController.php on line 36
[22-Oct-2011 19:11:15] PHP Notice:  A session had already been started - ignoring session_start() in /home/kl1nt/Dropbox/latest blog resources/www/app_v2/controller/Controller.php on line 2
[22-Oct-2011 19:11:30] PHP Notice:  A session had already been started - ignoring session_start() in /home/kl1nt/Dropbox/latest blog resources/www/app_v2/controller/Controller.php on line 2
[22-Oct-2011 19:13:38] PHP Notice:  Undefined property: Request::$id in /home/kl1nt/Dropbox/latest blog resources/www/app_v2/controller/MathController.php on line 43
[22-Oct-2011 19:13:50] PHP Notice:  Undefined property: Request::$identifier in /home/kl1nt/Dropbox/latest blog resources/www/app_v2/controller/MathController.php on line 43
[25-Oct-2011 21:27:53] PHP Notice:  Undefined variable: userLevel in /home/kl1nt/Dropbox/latest blog resources/www/app_v2/controller/CommentsController.php on line 40
[25-Oct-2011 22:05:56] PHP Warning:  mysql_real_escape_string(): Access denied for user 'kl1nt'@'localhost' (using password: NO) in /home/kl1nt/Dropbox/latest blog resources/www/app_v2/controller/CommentsController.php on line 62
[25-Oct-2011 22:05:56] PHP Warning:  mysql_real_escape_string(): A link to the server could not be established in /home/kl1nt/Dropbox/latest blog resources/www/app_v2/controller/CommentsController.php on line 62
[25-Oct-2011 22:05:56] PHP Warning:  mysql_real_escape_string(): Access denied for user 'kl1nt'@'localhost' (using password: NO) in /home/kl1nt/Dropbox/latest blog resources/www/app_v2/controller/CommentsController.php on line 64
[25-Oct-2011 22:05:56] PHP Warning:  mysql_real_escape_string(): A link to the server could not be established in /home/kl1nt/Dropbox/latest blog resources/www/app_v2/controller/CommentsController.php on line 64
[25-Oct-2011 22:11:42] PHP Notice:  Undefined index: entryId in /home/kl1nt/Dropbox/latest blog resources/www/app_v2/controller/CommentsController.php on line 59
[25-Oct-2011 23:32:09] PHP Notice:  Undefined variable: statement in /home/kl1nt/Dropbox/latest blog resources/www/app_v2/controller/CommentsController.php on line 80
[25-Oct-2011 23:32:09] PHP Fatal error:  Call to a member function execute() on a non-object in /home/kl1nt/Dropbox/latest blog resources/www/app_v2/controller/CommentsController.php on line 80
[25-Oct-2011 23:33:47] PHP Fatal error:  Call to a member function bind_param() on a non-object in /home/kl1nt/Dropbox/latest blog resources/www/app_v2/model/CommentsModel.php on line 30
[25-Oct-2011 23:34:41] PHP Fatal error:  Call to a member function bind_param() on a non-object in /home/kl1nt/Dropbox/latest blog resources/www/app_v2/model/CommentsModel.php on line 31
[05-Nov-2011 02:40:23] PHP Notice:  Undefined index: canPosWtComment in /home/kl1nt/Dropbox/latest blog resources/www/app_v2/controller/CommentsController.php on line 47
[05-Nov-2011 14:18:31] PHP Notice:  session_start(): ps_files_cleanup_dir: opendir(/var/lib/php5) failed: Permission denied (13) in /home/kl1nt/Dropbox/latest blog resources/www/app_v2/index.php on line 7
